  main.cpp
c:\users\zhenyamordan\source\repos\proglab5_3_car\proglab5_3_car\main.cpp(219): warning C4244: 'argument': conversion from 'double' to 'int', possible loss of data
c:\users\zhenyamordan\source\repos\proglab5_3_car\proglab5_3_car\main.cpp(220): warning C4244: 'argument': conversion from 'double' to 'int', possible loss of data
c:\users\zhenyamordan\source\repos\proglab5_3_car\proglab5_3_car\main.cpp(221): warning C4244: 'argument': conversion from 'double' to 'int', possible loss of data
c:\users\zhenyamordan\source\repos\proglab5_3_car\proglab5_3_car\main.cpp(222): warning C4244: 'argument': conversion from 'double' to 'int', possible loss of data
c:\users\zhenyamordan\source\repos\proglab5_3_car\proglab5_3_car\main.cpp(223): warning C4244: 'argument': conversion from 'double' to 'int', possible loss of data
c:\users\zhenyamordan\source\repos\proglab5_3_car\proglab5_3_car\main.cpp(224): warning C4244: 'argument': conversion from 'double' to 'int', possible loss of data
c:\users\zhenyamordan\source\repos\proglab5_3_car\proglab5_3_car\main.cpp(225): warning C4244: 'argument': conversion from 'double' to 'int', possible loss of data
c:\users\zhenyamordan\source\repos\proglab5_3_car\proglab5_3_car\main.cpp(227): warning C4244: 'argument': conversion from 'double' to 'int', possible loss of data
c:\users\zhenyamordan\source\repos\proglab5_3_car\proglab5_3_car\main.cpp(228): warning C4244: 'argument': conversion from 'double' to 'int', possible loss of data
c:\users\zhenyamordan\source\repos\proglab5_3_car\proglab5_3_car\main.cpp(228): warning C4244: 'argument': conversion from 'double' to 'DWORD', possible loss of data
c:\users\zhenyamordan\source\repos\proglab5_3_car\proglab5_3_car\main.cpp(229): warning C4244: 'argument': conversion from 'double' to 'int', possible loss of data
c:\users\zhenyamordan\source\repos\proglab5_3_car\proglab5_3_car\main.cpp(230): warning C4244: 'argument': conversion from 'double' to 'int', possible loss of data
c:\users\zhenyamordan\source\repos\proglab5_3_car\proglab5_3_car\main.cpp(230): warning C4244: 'argument': conversion from 'double' to 'DWORD', possible loss of data
c:\users\zhenyamordan\source\repos\proglab5_3_car\proglab5_3_car\main.cpp(250): warning C4244: 'argument': conversion from 'double' to 'int', possible loss of data
c:\users\zhenyamordan\source\repos\proglab5_3_car\proglab5_3_car\main.cpp(251): warning C4244: 'argument': conversion from 'double' to 'int', possible loss of data
c:\users\zhenyamordan\source\repos\proglab5_3_car\proglab5_3_car\main.cpp(251): warning C4244: 'argument': conversion from 'double' to 'FLOAT', possible loss of data
c:\users\zhenyamordan\source\repos\proglab5_3_car\proglab5_3_car\main.cpp(251): warning C4244: 'argument': conversion from 'double' to 'DWORD', possible loss of data
c:\users\zhenyamordan\source\repos\proglab5_3_car\proglab5_3_car\main.cpp(252): warning C4244: 'argument': conversion from 'double' to 'int', possible loss of data
c:\users\zhenyamordan\source\repos\proglab5_3_car\proglab5_3_car\main.cpp(253): warning C4244: 'argument': conversion from 'double' to 'int', possible loss of data
c:\users\zhenyamordan\source\repos\proglab5_3_car\proglab5_3_car\main.cpp(253): warning C4244: 'argument': conversion from 'double' to 'FLOAT', possible loss of data
c:\users\zhenyamordan\source\repos\proglab5_3_car\proglab5_3_car\main.cpp(253): warning C4244: 'argument': conversion from 'double' to 'DWORD', possible loss of data
c:\users\zhenyamordan\source\repos\proglab5_3_car\proglab5_3_car\main.cpp(192): warning C4172: returning address of local variable or temporary: hRgn
c:\users\zhenyamordan\source\repos\proglab5_3_car\proglab5_3_car\main.cpp(260): warning C4172: returning address of local variable or temporary: hWheels
c:\users\zhenyamordan\source\repos\proglab5_3_car\proglab5_3_car\main.cpp(236): warning C4172: returning address of local variable or temporary: hBody
  ProgLab5_3_Car.vcxproj -> C:\Users\zhenyamordan\source\repos\ProgLab5_3_Car\Debug\ProgLab5_3_Car.exe
