  KWnd.cpp
c:\users\zhenyamordan\source\repos\proglab1_2\proglab1_2\kwnd.cpp(29): error C2440: '=': cannot convert from 'char [10]' to 'LPCWSTR'
  c:\users\zhenyamordan\source\repos\proglab1_2\proglab1_2\kwnd.cpp(29): note: Types pointed to are unrelated; conversion requires reinterpret_cast, C-style cast or function-style cast
c:\users\zhenyamordan\source\repos\proglab1_2\proglab1_2\kwnd.cpp(35): error C2664: 'int MessageBoxW(HWND,LPCWSTR,LPCWSTR,UINT)': cannot convert argument 2 from 'char [100]' to 'LPCWSTR'
  c:\users\zhenyamordan\source\repos\proglab1_2\proglab1_2\kwnd.cpp(35): note: Types pointed to are unrelated; conversion requires reinterpret_cast, C-style cast or function-style cast
c:\users\zhenyamordan\source\repos\proglab1_2\proglab1_2\kwnd.cpp(39): error C2664: 'HWND CreateWindowExW(DWORD,LPCWSTR,LPCWSTR,DWORD,int,int,int,int,HWND,HMENU,HINSTANCE,LPVOID)': cannot convert argument 2 from 'char [10]' to 'LPCWSTR'
  c:\users\zhenyamordan\source\repos\proglab1_2\proglab1_2\kwnd.cpp(48): note: Types pointed to are unrelated; conversion requires reinterpret_cast, C-style cast or function-style cast
c:\users\zhenyamordan\source\repos\proglab1_2\proglab1_2\kwnd.cpp(52): error C2664: 'char *strcat(char *,const char *)': cannot convert argument 2 from 'LPCTSTR' to 'const char *'
  c:\users\zhenyamordan\source\repos\proglab1_2\proglab1_2\kwnd.cpp(52): note: Types pointed to are unrelated; conversion requires reinterpret_cast, C-style cast or function-style cast
c:\users\zhenyamordan\source\repos\proglab1_2\proglab1_2\kwnd.cpp(53): error C2664: 'int MessageBoxW(HWND,LPCWSTR,LPCWSTR,UINT)': cannot convert argument 2 from 'char [100]' to 'LPCWSTR'
  c:\users\zhenyamordan\source\repos\proglab1_2\proglab1_2\kwnd.cpp(53): note: Types pointed to are unrelated; conversion requires reinterpret_cast, C-style cast or function-style cast
  Lesson.cpp
  main.cpp
c:\users\zhenyamordan\source\repos\proglab1_2\proglab1_2\main.cpp(17): error C2664: 'KWnd::KWnd(KWnd &&)': cannot convert argument 1 from 'const char [20]' to 'LPCTSTR'
  c:\users\zhenyamordan\source\repos\proglab1_2\proglab1_2\main.cpp(17): note: Types pointed to are unrelated; conversion requires reinterpret_cast, C-style cast or function-style cast
c:\users\zhenyamordan\source\repos\proglab1_2\proglab1_2\main.cpp(74): error C2664: 'BOOL TextOutW(HDC,int,int,LPCWSTR,int)': cannot convert argument 4 from 'char [10]' to 'LPCWSTR'
  c:\users\zhenyamordan\source\repos\proglab1_2\proglab1_2\main.cpp(74): note: Types pointed to are unrelated; conversion requires reinterpret_cast, C-style cast or function-style cast
c:\users\zhenyamordan\source\repos\proglab1_2\proglab1_2\main.cpp(84): error C2664: 'int DrawTextW(HDC,LPCWSTR,int,LPRECT,UINT)': cannot convert argument 2 from 'char [12]' to 'LPCWSTR'
  c:\users\zhenyamordan\source\repos\proglab1_2\proglab1_2\main.cpp(84): note: Types pointed to are unrelated; conversion requires reinterpret_cast, C-style cast or function-style cast
c:\users\zhenyamordan\source\repos\proglab1_2\proglab1_2\main.cpp(87): warning C4018: '<': signed/unsigned mismatch
c:\users\zhenyamordan\source\repos\proglab1_2\proglab1_2\main.cpp(98): error C2664: 'int MessageBoxW(HWND,LPCWSTR,LPCWSTR,UINT)': cannot convert argument 2 from 'const char [29]' to 'LPCWSTR'
  c:\users\zhenyamordan\source\repos\proglab1_2\proglab1_2\main.cpp(98): note: Types pointed to are unrelated; conversion requires reinterpret_cast, C-style cast or function-style cast
  Generating Code...
